<?xml version="1.0" encoding="UTF-8"?>
<testng-results ignored="16" total="64" passed="45" failed="1" skipped="2">
  <reporter-output>
  </reporter-output>
  <suite started-at="2024-04-02T13:36:55 IST" name="Suite" finished-at="2024-04-02T13:41:01 IST" duration-ms="246441">
    <groups>
    </groups>
    <test started-at="2024-04-02T13:36:55 IST" name="ChromeTest" finished-at="2024-04-02T13:38:45 IST" duration-ms="109964">
      <class name="testCases.TC_005_validate_Ethics_page_information">
        <test-method signature="printEthicsInfo()[pri:1, instance:testCases.TC_005_validate_Ethics_page_information@4135c3b]" started-at="2024-04-02T13:38:33 IST" name="printEthicsInfo" finished-at="2024-04-02T13:38:33 IST" duration-ms="210" status="PASS">
          <reporter-output>
          </reporter-output>
        </test-method> <!-- printEthicsInfo -->
      </class> <!-- testCases.TC_005_validate_Ethics_page_information -->
      <class name="testCases.TC_002_validate_Headers_and_SubHeaders">
        <test-method signature="getHeaders()[pri:1, instance:testCases.TC_002_validate_Headers_and_SubHeaders@3023df74]" started-at="2024-04-02T13:37:22 IST" name="getHeaders" finished-at="2024-04-02T13:37:25 IST" duration-ms="2610" status="PASS">
          <reporter-output>
          </reporter-output>
        </test-method> <!-- getHeaders -->
        <test-method signature="clickCompany()[pri:2, instance:testCases.TC_002_validate_Headers_and_SubHeaders@3023df74]" started-at="2024-04-02T13:37:25 IST" name="clickCompany" finished-at="2024-04-02T13:37:26 IST" duration-ms="984" status="PASS">
          <reporter-output>
          </reporter-output>
        </test-method> <!-- clickCompany -->
        <test-method signature="clickServicesLines()[pri:3, instance:testCases.TC_002_validate_Headers_and_SubHeaders@3023df74]" started-at="2024-04-02T13:37:27 IST" name="clickServicesLines" finished-at="2024-04-02T13:37:28 IST" duration-ms="981" status="PASS">
          <reporter-output>
          </reporter-output>
        </test-method> <!-- clickServicesLines -->
        <test-method signature="clickSalesResources()[pri:4, instance:testCases.TC_002_validate_Headers_and_SubHeaders@3023df74]" started-at="2024-04-02T13:37:28 IST" name="clickSalesResources" finished-at="2024-04-02T13:37:29 IST" duration-ms="626" status="PASS">
          <reporter-output>
          </reporter-output>
        </test-method> <!-- clickSalesResources -->
        <test-method signature="clickMarketsandCountries()[pri:5, instance:testCases.TC_002_validate_Headers_and_SubHeaders@3023df74]" started-at="2024-04-02T13:37:29 IST" name="clickMarketsandCountries" finished-at="2024-04-02T13:37:30 IST" duration-ms="614" status="PASS">
          <reporter-output>
          </reporter-output>
        </test-method> <!-- clickMarketsandCountries -->
        <test-method signature="clickCorporatefunction()[pri:6, instance:testCases.TC_002_validate_Headers_and_SubHeaders@3023df74]" started-at="2024-04-02T13:37:31 IST" name="clickCorporatefunction" finished-at="2024-04-02T13:37:31 IST" duration-ms="517" status="PASS">
          <reporter-output>
          </reporter-output>
        </test-method> <!-- clickCorporatefunction -->
        <test-method signature="clickPeople()[pri:7, instance:testCases.TC_002_validate_Headers_and_SubHeaders@3023df74]" started-at="2024-04-02T13:37:32 IST" name="clickPeople" finished-at="2024-04-02T13:37:32 IST" duration-ms="712" status="PASS">
          <reporter-output>
          </reporter-output>
        </test-method> <!-- clickPeople -->
      </class> <!-- testCases.TC_002_validate_Headers_and_SubHeaders -->
      <class name="testCases.TC_003_validate_Ethics_And_Compilance">
        <test-method signature="verifyEthicsAndCompliance()[pri:1, instance:testCases.TC_003_validate_Ethics_And_Compilance@313ac989]" started-at="2024-04-02T13:37:33 IST" name="verifyEthicsAndCompliance" finished-at="2024-04-02T13:37:35 IST" duration-ms="2711" status="PASS">
          <reporter-output>
          </reporter-output>
        </test-method> <!-- verifyEthicsAndCompliance -->
      </class> <!-- testCases.TC_003_validate_Ethics_And_Compilance -->
      <class name="testCases.TC_004_validate_ResourceLinks">
        <test-method signature="navigateEthics()[pri:1, instance:testCases.TC_004_validate_ResourceLinks@4562e04d]" started-at="2024-04-02T13:37:36 IST" name="navigateEthics" finished-at="2024-04-02T13:37:38 IST" duration-ms="2634" status="PASS">
          <reporter-output>
          </reporter-output>
        </test-method> <!-- navigateEthics -->
        <test-method signature="verifyPage()[pri:2, instance:testCases.TC_004_validate_ResourceLinks@4562e04d]" started-at="2024-04-02T13:37:42 IST" name="verifyPage" finished-at="2024-04-02T13:37:42 IST" duration-ms="45" status="PASS">
          <reporter-output>
          </reporter-output>
        </test-method> <!-- verifyPage -->
        <test-method signature="validateHelpline()[pri:3, instance:testCases.TC_004_validate_ResourceLinks@4562e04d]" started-at="2024-04-02T13:37:42 IST" name="validateHelpline" finished-at="2024-04-02T13:37:46 IST" depends-on-methods="testCases.TC_004_validate_ResourceLinks.navigateEthics" duration-ms="4279" status="PASS">
          <reporter-output>
          </reporter-output>
        </test-method> <!-- validateHelpline -->
        <test-method signature="validateCodeofEthics()[pri:4, instance:testCases.TC_004_validate_ResourceLinks@4562e04d]" started-at="2024-04-02T13:37:47 IST" name="validateCodeofEthics" finished-at="2024-04-02T13:37:54 IST" depends-on-methods="testCases.TC_004_validate_ResourceLinks.navigateEthics" duration-ms="6942" status="PASS">
          <reporter-output>
          </reporter-output>
        </test-method> <!-- validateCodeofEthics -->
        <test-method signature="validateGlobalCorporatePolicies()[pri:5, instance:testCases.TC_004_validate_ResourceLinks@4562e04d]" started-at="2024-04-02T13:37:54 IST" name="validateGlobalCorporatePolicies" finished-at="2024-04-02T13:38:00 IST" depends-on-methods="testCases.TC_004_validate_ResourceLinks.navigateEthics" duration-ms="5852" status="PASS">
          <reporter-output>
          </reporter-output>
        </test-method> <!-- validateGlobalCorporatePolicies -->
        <test-method signature="validateEthicsandCompliancePolicies()[pri:6, instance:testCases.TC_004_validate_ResourceLinks@4562e04d]" started-at="2024-04-02T13:38:00 IST" name="validateEthicsandCompliancePolicies" finished-at="2024-04-02T13:38:06 IST" depends-on-methods="testCases.TC_004_validate_ResourceLinks.navigateEthics" duration-ms="5388" status="PASS">
          <reporter-output>
          </reporter-output>
        </test-method> <!-- validateEthicsandCompliancePolicies -->
        <test-method signature="validateEthicsandComplianceAmbassadors()[pri:7, instance:testCases.TC_004_validate_ResourceLinks@4562e04d]" started-at="2024-04-02T13:38:06 IST" name="validateEthicsandComplianceAmbassadors" finished-at="2024-04-02T13:38:11 IST" depends-on-methods="testCases.TC_004_validate_ResourceLinks.navigateEthics" duration-ms="5424" status="PASS">
          <reporter-output>
          </reporter-output>
        </test-method> <!-- validateEthicsandComplianceAmbassadors -->
        <test-method signature="validateEthicsandComplianceProgramOverview()[pri:8, instance:testCases.TC_004_validate_ResourceLinks@4562e04d]" started-at="2024-04-02T13:38:11 IST" name="validateEthicsandComplianceProgramOverview" finished-at="2024-04-02T13:38:17 IST" depends-on-methods="testCases.TC_004_validate_ResourceLinks.navigateEthics" duration-ms="5872" status="PASS">
          <reporter-output>
          </reporter-output>
        </test-method> <!-- validateEthicsandComplianceProgramOverview -->
        <test-method signature="validateEthicsandCompliancePresentation()[pri:9, instance:testCases.TC_004_validate_ResourceLinks@4562e04d]" started-at="2024-04-02T13:38:18 IST" name="validateEthicsandCompliancePresentation" finished-at="2024-04-02T13:38:23 IST" depends-on-methods="testCases.TC_004_validate_ResourceLinks.navigateEthics" duration-ms="5065" status="PASS">
          <reporter-output>
          </reporter-output>
        </test-method> <!-- validateEthicsandCompliancePresentation -->
        <test-method signature="validateGlobalPrivacy()[pri:10, instance:testCases.TC_004_validate_ResourceLinks@4562e04d]" started-at="2024-04-02T13:38:23 IST" name="validateGlobalPrivacy" finished-at="2024-04-02T13:38:28 IST" depends-on-methods="testCases.TC_004_validate_ResourceLinks.navigateEthics" duration-ms="4867" status="PASS">
          <reporter-output>
          </reporter-output>
        </test-method> <!-- validateGlobalPrivacy -->
        <test-method signature="validateRegulatoryandBUCompilance()[pri:11, instance:testCases.TC_004_validate_ResourceLinks@4562e04d]" started-at="2024-04-02T13:38:28 IST" name="validateRegulatoryandBUCompilance" finished-at="2024-04-02T13:38:33 IST" depends-on-methods="testCases.TC_004_validate_ResourceLinks.navigateEthics" duration-ms="4629" status="PASS">
          <reporter-output>
          </reporter-output>
        </test-method> <!-- validateRegulatoryandBUCompilance -->
      </class> <!-- testCases.TC_004_validate_ResourceLinks -->
      <class name="testCases.TC_001_validateUserInformation">
        <test-method is-config="true" signature="driverSetup(java.lang.String)[pri:0, instance:testCases.TC_001_validateUserInformation@38d8f54a]" started-at="2024-04-02T13:36:55 IST" name="driverSetup" finished-at="2024-04-02T13:37:10 IST" duration-ms="14241" status="PASS">
          <params>
            <param index="0">
              <value>
                <![CDATA[Chrome]]>
              </value>
            </param>
          </params>
          <reporter-output>
          </reporter-output>
        </test-method> <!-- driverSetup -->
        <test-method signature="the_user_navigated_to_the_cognizant_page()[pri:1, instance:testCases.TC_001_validateUserInformation@38d8f54a]" started-at="2024-04-02T13:37:10 IST" name="the_user_navigated_to_the_cognizant_page" finished-at="2024-04-02T13:37:15 IST" duration-ms="5041" status="PASS">
          <reporter-output>
          </reporter-output>
        </test-method> <!-- the_user_navigated_to_the_cognizant_page -->
        <test-method signature="the_user_clicks_on_user_icon()[pri:2, instance:testCases.TC_001_validateUserInformation@38d8f54a]" started-at="2024-04-02T13:37:15 IST" name="the_user_clicks_on_user_icon" finished-at="2024-04-02T13:37:18 IST" depends-on-methods="testCases.TC_001_validateUserInformation.the_user_navigated_to_the_cognizant_page" duration-ms="3153" status="PASS">
          <reporter-output>
          </reporter-output>
        </test-method> <!-- the_user_clicks_on_user_icon -->
        <test-method signature="user_can_validate_the_mail_contains_cognizant_com()[pri:3, instance:testCases.TC_001_validateUserInformation@38d8f54a]" started-at="2024-04-02T13:37:19 IST" name="user_can_validate_the_mail_contains_cognizant_com" finished-at="2024-04-02T13:37:21 IST" depends-on-methods="testCases.TC_001_validateUserInformation.the_user_clicks_on_user_icon" duration-ms="2119" status="PASS">
          <reporter-output>
          </reporter-output>
        </test-method> <!-- user_can_validate_the_mail_contains_cognizant_com -->
        <test-method signature="the_user_close_on_user_icon()[pri:4, instance:testCases.TC_001_validateUserInformation@38d8f54a]" started-at="2024-04-02T13:37:21 IST" name="the_user_close_on_user_icon" finished-at="2024-04-02T13:37:22 IST" depends-on-methods="testCases.TC_001_validateUserInformation.the_user_clicks_on_user_icon" duration-ms="63" status="PASS">
          <reporter-output>
          </reporter-output>
        </test-method> <!-- the_user_close_on_user_icon -->
        <test-method is-config="true" signature="tearDown()[pri:0, instance:testCases.TC_001_validateUserInformation@38d8f54a]" started-at="2024-04-02T13:38:33 IST" name="tearDown" finished-at="2024-04-02T13:38:45 IST" duration-ms="11254" status="PASS">
          <reporter-output>
          </reporter-output>
        </test-method> <!-- tearDown -->
      </class> <!-- testCases.TC_001_validateUserInformation -->
    </test> <!-- ChromeTest -->
    <test started-at="2024-04-02T13:38:52 IST" name="EdgeTest" finished-at="2024-04-02T13:41:01 IST" duration-ms="129289">
      <class name="testCases.TC_005_validate_Ethics_page_information">
        <test-method signature="printEthicsInfo()[pri:1, instance:testCases.TC_005_validate_Ethics_page_information@6025e1b6]" started-at="2024-04-02T13:40:49 IST" name="printEthicsInfo" finished-at="2024-04-02T13:40:49 IST" duration-ms="132" status="PASS">
          <reporter-output>
          </reporter-output>
        </test-method> <!-- printEthicsInfo -->
      </class> <!-- testCases.TC_005_validate_Ethics_page_information -->
      <class name="testCases.TC_002_validate_Headers_and_SubHeaders">
        <test-method signature="getHeaders()[pri:1, instance:testCases.TC_002_validate_Headers_and_SubHeaders@702657cc]" started-at="2024-04-02T13:39:35 IST" name="getHeaders" finished-at="2024-04-02T13:39:36 IST" duration-ms="860" status="PASS">
          <reporter-output>
          </reporter-output>
        </test-method> <!-- getHeaders -->
        <test-method signature="clickCompany()[pri:2, instance:testCases.TC_002_validate_Headers_and_SubHeaders@702657cc]" started-at="2024-04-02T13:39:36 IST" name="clickCompany" finished-at="2024-04-02T13:39:37 IST" duration-ms="739" status="PASS">
          <reporter-output>
          </reporter-output>
        </test-method> <!-- clickCompany -->
        <test-method signature="clickServicesLines()[pri:3, instance:testCases.TC_002_validate_Headers_and_SubHeaders@702657cc]" started-at="2024-04-02T13:39:38 IST" name="clickServicesLines" finished-at="2024-04-02T13:39:38 IST" duration-ms="750" status="PASS">
          <reporter-output>
          </reporter-output>
        </test-method> <!-- clickServicesLines -->
        <test-method signature="clickSalesResources()[pri:4, instance:testCases.TC_002_validate_Headers_and_SubHeaders@702657cc]" started-at="2024-04-02T13:39:39 IST" name="clickSalesResources" finished-at="2024-04-02T13:39:39 IST" duration-ms="463" status="PASS">
          <reporter-output>
          </reporter-output>
        </test-method> <!-- clickSalesResources -->
        <test-method signature="clickMarketsandCountries()[pri:5, instance:testCases.TC_002_validate_Headers_and_SubHeaders@702657cc]" started-at="2024-04-02T13:39:40 IST" name="clickMarketsandCountries" finished-at="2024-04-02T13:39:40 IST" duration-ms="372" status="PASS">
          <reporter-output>
          </reporter-output>
        </test-method> <!-- clickMarketsandCountries -->
        <test-method signature="clickCorporatefunction()[pri:6, instance:testCases.TC_002_validate_Headers_and_SubHeaders@702657cc]" started-at="2024-04-02T13:39:40 IST" name="clickCorporatefunction" finished-at="2024-04-02T13:39:41 IST" duration-ms="431" status="PASS">
          <reporter-output>
          </reporter-output>
        </test-method> <!-- clickCorporatefunction -->
        <test-method signature="clickPeople()[pri:7, instance:testCases.TC_002_validate_Headers_and_SubHeaders@702657cc]" started-at="2024-04-02T13:39:41 IST" name="clickPeople" finished-at="2024-04-02T13:39:42 IST" duration-ms="751" status="PASS">
          <reporter-output>
          </reporter-output>
        </test-method> <!-- clickPeople -->
      </class> <!-- testCases.TC_002_validate_Headers_and_SubHeaders -->
      <class name="testCases.TC_003_validate_Ethics_And_Compilance">
        <test-method signature="verifyEthicsAndCompliance()[pri:1, instance:testCases.TC_003_validate_Ethics_And_Compilance@6a6cb05c]" started-at="2024-04-02T13:39:42 IST" name="verifyEthicsAndCompliance" finished-at="2024-04-02T13:39:45 IST" duration-ms="2704" status="PASS">
          <reporter-output>
          </reporter-output>
        </test-method> <!-- verifyEthicsAndCompliance -->
      </class> <!-- testCases.TC_003_validate_Ethics_And_Compilance -->
      <class name="testCases.TC_001_validateUserInformation">
        <test-method is-config="true" signature="driverSetup(java.lang.String)[pri:0, instance:testCases.TC_001_validateUserInformation@43bc63a3]" started-at="2024-04-02T13:38:52 IST" name="driverSetup" finished-at="2024-04-02T13:39:05 IST" duration-ms="13693" status="PASS">
          <params>
            <param index="0">
              <value>
                <![CDATA[Edge]]>
              </value>
            </param>
          </params>
          <reporter-output>
          </reporter-output>
        </test-method> <!-- driverSetup -->
        <test-method signature="the_user_navigated_to_the_cognizant_page()[pri:1, instance:testCases.TC_001_validateUserInformation@43bc63a3]" started-at="2024-04-02T13:39:05 IST" name="the_user_navigated_to_the_cognizant_page" finished-at="2024-04-02T13:39:10 IST" duration-ms="5031" status="PASS">
          <reporter-output>
          </reporter-output>
        </test-method> <!-- the_user_navigated_to_the_cognizant_page -->
        <test-method signature="the_user_clicks_on_user_icon()[pri:2, instance:testCases.TC_001_validateUserInformation@43bc63a3]" started-at="2024-04-02T13:39:11 IST" name="the_user_clicks_on_user_icon" finished-at="2024-04-02T13:39:34 IST" depends-on-methods="testCases.TC_001_validateUserInformation.the_user_navigated_to_the_cognizant_page" duration-ms="23165" status="FAIL">
          <exception class="org.openqa.selenium.NoSuchElementException">
            <message>
              <![CDATA[no such element: Unable to locate element: {"method":"xpath","selector":"//div[@id='mectrl_main_body']"}
  (Session info: MicrosoftEdge=123.0.2420.65)
For documentation on this error, please visit: https://www.selenium.dev/documentation/webdriver/troubleshooting/errors#no-such-element-exception
Build info: version: '4.18.1', revision: 'b1d3319b48'
System info: os.name: 'Windows 11', os.arch: 'amd64', os.version: '10.0', java.version: '17.0.2'
Driver info: org.openqa.selenium.edge.EdgeDriver
Command: [d9a8d8e4f1655843259a060b71e37f6e, findElement {value=//div[@id='mectrl_main_body'], using=xpath}]
Capabilities {acceptInsecureCerts: false, browserName: MicrosoftEdge, browserVersion: 123.0.2420.65, fedcm:accounts: true, ms:edgeOptions: {debuggerAddress: localhost:51926}, msedge: {msedgedriverVersion: 123.0.2420.65 (49b6a5859239..., userDataDir: C:\windows\SystemTemp\scope...}, networkConnectionEnabled: false, pageLoadStrategy: normal, platformName: windows, proxy: Proxy(), se:cdp: ws://localhost:51926/devtoo..., se:cdpVersion: 123.0.2420.65, setWindowRect: true, strictFileInteractability: false, timeouts: {implicit: 0, pageLoad: 300000, script: 30000}, unhandledPromptBehavior: dismiss and notify, webauthn:extension:credBlob: true, webauthn:extension:largeBlob: true, webauthn:extension:minPinLength: true, webauthn:extension:prf: true, webauthn:virtualAuthenticators: true}
Session ID: d9a8d8e4f1655843259a060b71e37f6e]]>
            </message>
            <full-stacktrace>
              <![CDATA[org.openqa.selenium.NoSuchElementException: no such element: Unable to locate element: {"method":"xpath","selector":"//div[@id='mectrl_main_body']"}
  (Session info: MicrosoftEdge=123.0.2420.65)
For documentation on this error, please visit: https://www.selenium.dev/documentation/webdriver/troubleshooting/errors#no-such-element-exception
Build info: version: '4.18.1', revision: 'b1d3319b48'
System info: os.name: 'Windows 11', os.arch: 'amd64', os.version: '10.0', java.version: '17.0.2'
Driver info: org.openqa.selenium.edge.EdgeDriver
Command: [d9a8d8e4f1655843259a060b71e37f6e, findElement {value=//div[@id='mectrl_main_body'], using=xpath}]
Capabilities {acceptInsecureCerts: false, browserName: MicrosoftEdge, browserVersion: 123.0.2420.65, fedcm:accounts: true, ms:edgeOptions: {debuggerAddress: localhost:51926}, msedge: {msedgedriverVersion: 123.0.2420.65 (49b6a5859239..., userDataDir: C:\windows\SystemTemp\scope...}, networkConnectionEnabled: false, pageLoadStrategy: normal, platformName: windows, proxy: Proxy(), se:cdp: ws://localhost:51926/devtoo..., se:cdpVersion: 123.0.2420.65, setWindowRect: true, strictFileInteractability: false, timeouts: {implicit: 0, pageLoad: 300000, script: 30000}, unhandledPromptBehavior: dismiss and notify, webauthn:extension:credBlob: true, webauthn:extension:largeBlob: true, webauthn:extension:minPinLength: true, webauthn:extension:prf: true, webauthn:virtualAuthenticators: true}
Session ID: d9a8d8e4f1655843259a060b71e37f6e
at java.base/jdk.internal.reflect.NativeConstructorAccessorImpl.newInstance0(Native Method)
at java.base/jdk.internal.reflect.NativeConstructorAccessorImpl.newInstance(NativeConstructorAccessorImpl.java:77)
at java.base/jdk.internal.reflect.DelegatingConstructorAccessorImpl.newInstance(DelegatingConstructorAccessorImpl.java:45)
at java.base/java.lang.reflect.Constructor.newInstanceWithCaller(Constructor.java:499)
at java.base/java.lang.reflect.Constructor.newInstance(Constructor.java:480)
at org.openqa.selenium.remote.ErrorCodec.decode(ErrorCodec.java:167)
at org.openqa.selenium.remote.codec.w3c.W3CHttpResponseCodec.decode(W3CHttpResponseCodec.java:138)
at org.openqa.selenium.remote.codec.w3c.W3CHttpResponseCodec.decode(W3CHttpResponseCodec.java:50)
at org.openqa.selenium.remote.HttpCommandExecutor.execute(HttpCommandExecutor.java:190)
at org.openqa.selenium.remote.service.DriverCommandExecutor.invokeExecute(DriverCommandExecutor.java:216)
at org.openqa.selenium.remote.service.DriverCommandExecutor.execute(DriverCommandExecutor.java:174)
at org.openqa.selenium.remote.RemoteWebDriver.execute(RemoteWebDriver.java:519)
at org.openqa.selenium.remote.ElementLocation$ElementFinder$2.findElement(ElementLocation.java:165)
at org.openqa.selenium.remote.ElementLocation.findElement(ElementLocation.java:59)
at org.openqa.selenium.remote.RemoteWebDriver.findElement(RemoteWebDriver.java:356)
at org.openqa.selenium.remote.RemoteWebDriver.findElement(RemoteWebDriver.java:350)
at org.openqa.selenium.support.pagefactory.DefaultElementLocator.findElement(DefaultElementLocator.java:68)
at org.openqa.selenium.support.pagefactory.internal.LocatingElementHandler.invoke(LocatingElementHandler.java:38)
at jdk.proxy2/jdk.proxy2.$Proxy15.getAttribute(Unknown Source)
at pageObjects.HomePage.isVisibleProfile(HomePage.java:115)
at testCases.TC_001_validateUserInformation.the_user_clicks_on_user_icon(TC_001_validateUserInformation.java:24)
at java.base/jdk.internal.reflect.NativeMethodAccessorImpl.invoke0(Native Method)
at java.base/jdk.internal.reflect.NativeMethodAccessorImpl.invoke(NativeMethodAccessorImpl.java:77)
at java.base/jdk.internal.reflect.DelegatingMethodAccessorImpl.invoke(DelegatingMethodAccessorImpl.java:43)
at java.base/java.lang.reflect.Method.invoke(Method.java:568)
at org.testng.internal.MethodInvocationHelper.invokeMethod(MethodInvocationHelper.java:133)
at org.testng.internal.TestInvoker.invokeMethod(TestInvoker.java:598)
at org.testng.internal.TestInvoker.invokeTestMethod(TestInvoker.java:173)
at org.testng.internal.MethodRunner.runInSequence(MethodRunner.java:46)
at org.testng.internal.TestInvoker$MethodInvocationAgent.invoke(TestInvoker.java:824)
at org.testng.internal.TestInvoker.invokeTestMethods(TestInvoker.java:146)
at org.testng.internal.TestMethodWorker.invokeTestMethods(TestMethodWorker.java:146)
at org.testng.internal.TestMethodWorker.run(TestMethodWorker.java:128)
at java.base/java.util.ArrayList.forEach(ArrayList.java:1511)
at org.testng.TestRunner.privateRun(TestRunner.java:794)
at org.testng.TestRunner.run(TestRunner.java:596)
at org.testng.SuiteRunner.runTest(SuiteRunner.java:377)
at org.testng.SuiteRunner.runSequentially(SuiteRunner.java:371)
at org.testng.SuiteRunner.privateRun(SuiteRunner.java:332)
at org.testng.SuiteRunner.run(SuiteRunner.java:276)
at org.testng.SuiteRunnerWorker.runSuite(SuiteRunnerWorker.java:53)
at org.testng.SuiteRunnerWorker.run(SuiteRunnerWorker.java:96)
at org.testng.TestNG.runSuitesSequentially(TestNG.java:1212)
at org.testng.TestNG.runSuitesLocally(TestNG.java:1134)
at org.testng.TestNG.runSuites(TestNG.java:1063)
at org.testng.TestNG.run(TestNG.java:1031)
at org.testng.remote.AbstractRemoteTestNG.run(AbstractRemoteTestNG.java:115)
at org.testng.remote.RemoteTestNG.initAndRun(RemoteTestNG.java:251)
at org.testng.remote.RemoteTestNG.main(RemoteTestNG.java:77)
]]>
            </full-stacktrace>
          </exception> <!-- org.openqa.selenium.NoSuchElementException -->
          <reporter-output>
          </reporter-output>
        </test-method> <!-- the_user_clicks_on_user_icon -->
        <test-method signature="user_can_validate_the_mail_contains_cognizant_com()[pri:3, instance:testCases.TC_001_validateUserInformation@43bc63a3]" started-at="2024-04-02T13:39:35 IST" name="user_can_validate_the_mail_contains_cognizant_com" finished-at="2024-04-02T13:39:35 IST" depends-on-methods="testCases.TC_001_validateUserInformation.the_user_clicks_on_user_icon" duration-ms="0" status="SKIP">
          <exception class="java.lang.Throwable">
            <message>
              <![CDATA[Method TC_001_validateUserInformation.user_can_validate_the_mail_contains_cognizant_com()[pri:3, instance:testCases.TC_001_validateUserInformation@43bc63a3] depends on not successfully finished methods]]>
            </message>
            <full-stacktrace>
              <![CDATA[java.lang.Throwable: Method TC_001_validateUserInformation.user_can_validate_the_mail_contains_cognizant_com()[pri:3, instance:testCases.TC_001_validateUserInformation@43bc63a3] depends on not successfully finished methods
at org.testng.internal.TestInvoker.invokeTestMethods(TestInvoker.java:102)
at org.testng.internal.TestMethodWorker.invokeTestMethods(TestMethodWorker.java:146)
at org.testng.internal.TestMethodWorker.run(TestMethodWorker.java:128)
at java.base/java.util.ArrayList.forEach(ArrayList.java:1511)
at org.testng.TestRunner.privateRun(TestRunner.java:794)
at org.testng.TestRunner.run(TestRunner.java:596)
at org.testng.SuiteRunner.runTest(SuiteRunner.java:377)
at org.testng.SuiteRunner.runSequentially(SuiteRunner.java:371)
at org.testng.SuiteRunner.privateRun(SuiteRunner.java:332)
at org.testng.SuiteRunner.run(SuiteRunner.java:276)
at org.testng.SuiteRunnerWorker.runSuite(SuiteRunnerWorker.java:53)
at org.testng.SuiteRunnerWorker.run(SuiteRunnerWorker.java:96)
at org.testng.TestNG.runSuitesSequentially(TestNG.java:1212)
at org.testng.TestNG.runSuitesLocally(TestNG.java:1134)
at org.testng.TestNG.runSuites(TestNG.java:1063)
at org.testng.TestNG.run(TestNG.java:1031)
at org.testng.remote.AbstractRemoteTestNG.run(AbstractRemoteTestNG.java:115)
at org.testng.remote.RemoteTestNG.initAndRun(RemoteTestNG.java:251)
at org.testng.remote.RemoteTestNG.main(RemoteTestNG.java:77)
]]>
            </full-stacktrace>
          </exception> <!-- java.lang.Throwable -->
          <reporter-output>
          </reporter-output>
        </test-method> <!-- user_can_validate_the_mail_contains_cognizant_com -->
        <test-method signature="the_user_close_on_user_icon()[pri:4, instance:testCases.TC_001_validateUserInformation@43bc63a3]" started-at="2024-04-02T13:39:35 IST" name="the_user_close_on_user_icon" finished-at="2024-04-02T13:39:35 IST" depends-on-methods="testCases.TC_001_validateUserInformation.the_user_clicks_on_user_icon" duration-ms="0" status="SKIP">
          <exception class="java.lang.Throwable">
            <message>
              <![CDATA[Method TC_001_validateUserInformation.the_user_close_on_user_icon()[pri:4, instance:testCases.TC_001_validateUserInformation@43bc63a3] depends on not successfully finished methods]]>
            </message>
            <full-stacktrace>
              <![CDATA[java.lang.Throwable: Method TC_001_validateUserInformation.the_user_close_on_user_icon()[pri:4, instance:testCases.TC_001_validateUserInformation@43bc63a3] depends on not successfully finished methods
at org.testng.internal.TestInvoker.invokeTestMethods(TestInvoker.java:102)
at org.testng.internal.TestMethodWorker.invokeTestMethods(TestMethodWorker.java:146)
at org.testng.internal.TestMethodWorker.run(TestMethodWorker.java:128)
at java.base/java.util.ArrayList.forEach(ArrayList.java:1511)
at org.testng.TestRunner.privateRun(TestRunner.java:794)
at org.testng.TestRunner.run(TestRunner.java:596)
at org.testng.SuiteRunner.runTest(SuiteRunner.java:377)
at org.testng.SuiteRunner.runSequentially(SuiteRunner.java:371)
at org.testng.SuiteRunner.privateRun(SuiteRunner.java:332)
at org.testng.SuiteRunner.run(SuiteRunner.java:276)
at org.testng.SuiteRunnerWorker.runSuite(SuiteRunnerWorker.java:53)
at org.testng.SuiteRunnerWorker.run(SuiteRunnerWorker.java:96)
at org.testng.TestNG.runSuitesSequentially(TestNG.java:1212)
at org.testng.TestNG.runSuitesLocally(TestNG.java:1134)
at org.testng.TestNG.runSuites(TestNG.java:1063)
at org.testng.TestNG.run(TestNG.java:1031)
at org.testng.remote.AbstractRemoteTestNG.run(AbstractRemoteTestNG.java:115)
at org.testng.remote.RemoteTestNG.initAndRun(RemoteTestNG.java:251)
at org.testng.remote.RemoteTestNG.main(RemoteTestNG.java:77)
]]>
            </full-stacktrace>
          </exception> <!-- java.lang.Throwable -->
          <reporter-output>
          </reporter-output>
        </test-method> <!-- the_user_close_on_user_icon -->
        <test-method is-config="true" signature="tearDown()[pri:0, instance:testCases.TC_001_validateUserInformation@43bc63a3]" started-at="2024-04-02T13:40:50 IST" name="tearDown" finished-at="2024-04-02T13:41:01 IST" duration-ms="11360" status="PASS">
          <reporter-output>
          </reporter-output>
        </test-method> <!-- tearDown -->
      </class> <!-- testCases.TC_001_validateUserInformation -->
      <class name="testCases.TC_004_validate_ResourceLinks">
        <test-method signature="navigateEthics()[pri:1, instance:testCases.TC_004_validate_ResourceLinks@40a4337a]" started-at="2024-04-02T13:39:46 IST" name="navigateEthics" finished-at="2024-04-02T13:39:48 IST" duration-ms="2705" status="PASS">
          <reporter-output>
          </reporter-output>
        </test-method> <!-- navigateEthics -->
        <test-method signature="verifyPage()[pri:2, instance:testCases.TC_004_validate_ResourceLinks@40a4337a]" started-at="2024-04-02T13:39:52 IST" name="verifyPage" finished-at="2024-04-02T13:39:52 IST" duration-ms="131" status="PASS">
          <reporter-output>
          </reporter-output>
        </test-method> <!-- verifyPage -->
        <test-method signature="validateHelpline()[pri:3, instance:testCases.TC_004_validate_ResourceLinks@40a4337a]" started-at="2024-04-02T13:39:53 IST" name="validateHelpline" finished-at="2024-04-02T13:39:58 IST" depends-on-methods="testCases.TC_004_validate_ResourceLinks.navigateEthics" duration-ms="5558" status="PASS">
          <reporter-output>
          </reporter-output>
        </test-method> <!-- validateHelpline -->
        <test-method signature="validateCodeofEthics()[pri:4, instance:testCases.TC_004_validate_ResourceLinks@40a4337a]" started-at="2024-04-02T13:39:59 IST" name="validateCodeofEthics" finished-at="2024-04-02T13:40:05 IST" depends-on-methods="testCases.TC_004_validate_ResourceLinks.navigateEthics" duration-ms="6973" status="PASS">
          <reporter-output>
          </reporter-output>
        </test-method> <!-- validateCodeofEthics -->
        <test-method signature="validateGlobalCorporatePolicies()[pri:5, instance:testCases.TC_004_validate_ResourceLinks@40a4337a]" started-at="2024-04-02T13:40:06 IST" name="validateGlobalCorporatePolicies" finished-at="2024-04-02T13:40:11 IST" depends-on-methods="testCases.TC_004_validate_ResourceLinks.navigateEthics" duration-ms="5244" status="PASS">
          <reporter-output>
          </reporter-output>
        </test-method> <!-- validateGlobalCorporatePolicies -->
        <test-method signature="validateEthicsandCompliancePolicies()[pri:6, instance:testCases.TC_004_validate_ResourceLinks@40a4337a]" started-at="2024-04-02T13:40:11 IST" name="validateEthicsandCompliancePolicies" finished-at="2024-04-02T13:40:19 IST" depends-on-methods="testCases.TC_004_validate_ResourceLinks.navigateEthics" duration-ms="7449" status="PASS">
          <reporter-output>
          </reporter-output>
        </test-method> <!-- validateEthicsandCompliancePolicies -->
        <test-method signature="validateEthicsandComplianceAmbassadors()[pri:7, instance:testCases.TC_004_validate_ResourceLinks@40a4337a]" started-at="2024-04-02T13:40:19 IST" name="validateEthicsandComplianceAmbassadors" finished-at="2024-04-02T13:40:25 IST" depends-on-methods="testCases.TC_004_validate_ResourceLinks.navigateEthics" duration-ms="6159" status="PASS">
          <reporter-output>
          </reporter-output>
        </test-method> <!-- validateEthicsandComplianceAmbassadors -->
        <test-method signature="validateEthicsandComplianceProgramOverview()[pri:8, instance:testCases.TC_004_validate_ResourceLinks@40a4337a]" started-at="2024-04-02T13:40:25 IST" name="validateEthicsandComplianceProgramOverview" finished-at="2024-04-02T13:40:32 IST" depends-on-methods="testCases.TC_004_validate_ResourceLinks.navigateEthics" duration-ms="6830" status="PASS">
          <reporter-output>
          </reporter-output>
        </test-method> <!-- validateEthicsandComplianceProgramOverview -->
        <test-method signature="validateEthicsandCompliancePresentation()[pri:9, instance:testCases.TC_004_validate_ResourceLinks@40a4337a]" started-at="2024-04-02T13:40:32 IST" name="validateEthicsandCompliancePresentation" finished-at="2024-04-02T13:40:39 IST" depends-on-methods="testCases.TC_004_validate_ResourceLinks.navigateEthics" duration-ms="6410" status="PASS">
          <reporter-output>
          </reporter-output>
        </test-method> <!-- validateEthicsandCompliancePresentation -->
        <test-method signature="validateGlobalPrivacy()[pri:10, instance:testCases.TC_004_validate_ResourceLinks@40a4337a]" started-at="2024-04-02T13:40:39 IST" name="validateGlobalPrivacy" finished-at="2024-04-02T13:40:44 IST" depends-on-methods="testCases.TC_004_validate_ResourceLinks.navigateEthics" duration-ms="5073" status="PASS">
          <reporter-output>
          </reporter-output>
        </test-method> <!-- validateGlobalPrivacy -->
        <test-method signature="validateRegulatoryandBUCompilance()[pri:11, instance:testCases.TC_004_validate_ResourceLinks@40a4337a]" started-at="2024-04-02T13:40:44 IST" name="validateRegulatoryandBUCompilance" finished-at="2024-04-02T13:40:49 IST" depends-on-methods="testCases.TC_004_validate_ResourceLinks.navigateEthics" duration-ms="4834" status="PASS">
          <reporter-output>
          </reporter-output>
        </test-method> <!-- validateRegulatoryandBUCompilance -->
      </class> <!-- testCases.TC_004_validate_ResourceLinks -->
    </test> <!-- EdgeTest -->
  </suite> <!-- Suite -->
</testng-results>
